2019-11-19 14:30:54.680  INFO 15120 --- [main] com.suixingpay.patent.PatentApplication  : Starting PatentApplication on DESKTOP-402O8FL with PID 15120 (F:\idea\project\patent-system\patent\build\classes\java\main started by 夏士博 in F:\idea\project\patent-system)
2019-11-19 14:30:54.696  INFO 15120 --- [main] com.suixingpay.patent.PatentApplication  : No active profile set, falling back to default profiles: default
2019-11-19 14:30:54.732  INFO 15120 --- [main] ationConfigEmbeddedWebApplicationContext : Refreshing org.springframework.boot.context.embedded.AnnotationConfigEmbeddedWebApplicationContext@61230f6a: startup date [Tue Nov 19 14:30:54 CST 2019]; root of context hierarchy
2019-11-19 14:30:55.798  INFO 15120 --- [main] s.b.c.e.t.TomcatEmbeddedServletContainer : Tomcat initialized with port(s): 8080 (http)
2019-11-19 14:30:56.723  INFO 15120 --- [main] o.apache.catalina.core.StandardService   : Starting service [Tomcat]
2019-11-19 14:30:56.724  INFO 15120 --- [main] org.apache.catalina.core.StandardEngine  : Starting Servlet Engine: Apache Tomcat/8.5.23
2019-11-19 14:30:56.809  INFO 15120 --- [localhost-startStop-1] o.a.c.c.C.[Tomcat].[localhost].[/]       : Initializing Spring embedded WebApplicationContext
2019-11-19 14:30:56.809  INFO 15120 --- [localhost-startStop-1] o.s.web.context.ContextLoader            : Root WebApplicationContext: initialization completed in 2078 ms
2019-11-19 14:30:56.944  INFO 15120 --- [localhost-startStop-1] o.s.b.w.servlet.ServletRegistrationBean  : Mapping servlet: 'dispatcherServlet' to [/]
2019-11-19 14:30:56.949  INFO 15120 --- [localhost-startStop-1] o.s.b.w.servlet.FilterRegistrationBean   : Mapping filter: 'characterEncodingFilter' to: [/*]
2019-11-19 14:30:56.950  INFO 15120 --- [localhost-startStop-1] o.s.b.w.servlet.FilterRegistrationBean   : Mapping filter: 'hiddenHttpMethodFilter' to: [/*]
2019-11-19 14:30:56.950  INFO 15120 --- [localhost-startStop-1] o.s.b.w.servlet.FilterRegistrationBean   : Mapping filter: 'httpPutFormContentFilter' to: [/*]
2019-11-19 14:30:56.950  INFO 15120 --- [localhost-startStop-1] o.s.b.w.servlet.FilterRegistrationBean   : Mapping filter: 'requestContextFilter' to: [/*]
2019-11-19 14:30:57.626  INFO 15120 --- [main] s.w.s.m.m.a.RequestMappingHandlerAdapter : Looking for @ControllerAdvice: org.springframework.boot.context.embedded.AnnotationConfigEmbeddedWebApplicationContext@61230f6a: startup date [Tue Nov 19 14:30:54 CST 2019]; root of context hierarchy
2019-11-19 14:30:57.709  INFO 15120 --- [main] s.w.s.m.m.a.RequestMappingHandlerMapping : Mapped "{[/error]}" onto public org.springframework.http.ResponseEntity<java.util.Map<java.lang.String, java.lang.Object>> org.springframework.boot.autoconfigure.web.BasicErrorController.error(javax.servlet.http.HttpServletRequest)
2019-11-19 14:30:57.710  INFO 15120 --- [main] s.w.s.m.m.a.RequestMappingHandlerMapping : Mapped "{[/error],produces=[text/html]}" onto public org.springframework.web.servlet.ModelAndView org.springframework.boot.autoconfigure.web.BasicErrorController.errorHtml(javax.servlet.http.HttpServletRequest,javax.servlet.http.HttpServletResponse)
2019-11-19 14:30:57.744  INFO 15120 --- [main] o.s.w.s.handler.SimpleUrlHandlerMapping  : Mapped URL path [/webjars/**] onto handler of type [class org.springframework.web.servlet.resource.ResourceHttpRequestHandler]
2019-11-19 14:30:57.744  INFO 15120 --- [main] o.s.w.s.handler.SimpleUrlHandlerMapping  : Mapped URL path [/**] onto handler of type [class org.springframework.web.servlet.resource.ResourceHttpRequestHandler]
2019-11-19 14:30:57.845  INFO 15120 --- [main] o.s.w.s.handler.SimpleUrlHandlerMapping  : Mapped URL path [/**/favicon.ico] onto handler of type [class org.springframework.web.servlet.resource.ResourceHttpRequestHandler]
2019-11-19 14:30:58.144  INFO 15120 --- [main] o.s.j.e.a.AnnotationMBeanExporter        : Registering beans for JMX exposure on startup
2019-11-19 14:30:58.279  INFO 15120 --- [main] s.b.c.e.t.TomcatEmbeddedServletContainer : Tomcat started on port(s): 8080 (http)
2019-11-19 14:30:58.283  INFO 15120 --- [main] com.suixingpay.patent.PatentApplication  : Started PatentApplication in 3.875 seconds (JVM running for 4.493)
